# JRE version: Java(TM) SE Runtime Environment (8.0_301-b09) (build 1.8.0_301-b09)
# Java VM: Java HotSpot(TM) 64-Bit Server VM (25.301-b09 mixed mode windows-amd64 compressed oops)
Heap:
 PSYoungGen      total 133120K, used 133107K [0x00000000f5580000, 0x0000000100000000, 0x0000000100000000)
  eden space 119296K, 100% used [0x00000000f5580000,0x00000000fca00000,0x00000000fca00000)
  from space 13824K, 99% used [0x00000000ff280000,0x00000000ffffcea8,0x0000000100000000)
  to   space 27648K, 99% used [0x00000000fca00000,0x00000000fe4f82c0,0x00000000fe500000)
 ParOldGen       total 349696K, used 298504K [0x00000000e0000000, 0x00000000f5580000, 0x00000000f5580000)
  object space 349696K, 85% used [0x00000000e0000000,0x00000000f2382330,0x00000000f5580000)
 Metaspace       used 129760K, capacity 137760K, committed 137984K, reserved 1169408K
  class space    used 17102K, capacity 18570K, committed 18688K, reserved 1048576K
GC Heap History (10 events):
Event: 332.201 GC heap after
Heap after GC invocations=96 (full 5):
 PSYoungGen      total 157184K, used 2959K [0x00000000f5580000, 0x0000000100000000, 0x0000000100000000)
  eden space 141824K, 0% used [0x00000000f5580000,0x00000000f5580000,0x00000000fe000000)
  from space 15360K, 19% used [0x00000000fe000000,0x00000000fe2e3e00,0x00000000fef00000)
  to   space 14848K, 0% used [0x00000000ff180000,0x00000000ff180000,0x0000000100000000)
 ParOldGen       total 349696K, used 222386K [0x00000000e0000000, 0x00000000f5580000, 0x00000000f5580000)
  object space 349696K, 63% used [0x00000000e0000000,0x00000000ed92ca60,0x00000000f5580000)
 Metaspace       used 128350K, capacity 136214K, committed 136832K, reserved 1167360K
  class space    used 16938K, capacity 18393K, committed 18560K, reserved 1048576K
}
Event: 333.154 GC heap before
{Heap before GC invocations=97 (full 5):
 PSYoungGen      total 157184K, used 144783K [0x00000000f5580000, 0x0000000100000000, 0x0000000100000000)
  eden space 141824K, 100% used [0x00000000f5580000,0x00000000fe000000,0x00000000fe000000)
  from space 15360K, 19% used [0x00000000fe000000,0x00000000fe2e3e00,0x00000000fef00000)
  to   space 14848K, 0% used [0x00000000ff180000,0x00000000ff180000,0x0000000100000000)
 ParOldGen       total 349696K, used 222386K [0x00000000e0000000, 0x00000000f5580000, 0x00000000f5580000)
  object space 349696K, 63% used [0x00000000e0000000,0x00000000ed92ca60,0x00000000f5580000)
 Metaspace       used 128350K, capacity 136214K, committed 136832K, reserved 1167360K
  class space    used 16938K, capacity 18393K, committed 18560K, reserved 1048576K
Event: 333.175 GC heap after
Heap after GC invocations=97 (full 5):
 PSYoungGen      total 157696K, used 2888K [0x00000000f5580000, 0x00000000ffe80000, 0x0000000100000000)
  eden space 144384K, 0% used [0x00000000f5580000,0x00000000f5580000,0x00000000fe280000)
  from space 13312K, 21% used [0x00000000ff180000,0x00000000ff4522f8,0x00000000ffe80000)
  to   space 14336K, 0% used [0x00000000fe280000,0x00000000fe280000,0x00000000ff080000)
 ParOldGen       total 349696K, used 224936K [0x00000000e0000000, 0x00000000f5580000, 0x00000000f5580000)
  object space 349696K, 64% used [0x00000000e0000000,0x00000000edbaa2b0,0x00000000f5580000)
 Metaspace       used 128350K, capacity 136214K, committed 136832K, reserved 1167360K
  class space    used 16938K, capacity 18393K, committed 18560K, reserved 1048576K
}
Event: 334.316 GC heap before
{Heap before GC invocations=98 (full 5):
 PSYoungGen      total 157696K, used 147272K [0x00000000f5580000, 0x00000000ffe80000, 0x0000000100000000)
  eden space 144384K, 100% used [0x00000000f5580000,0x00000000fe280000,0x00000000fe280000)
  from space 13312K, 21% used [0x00000000ff180000,0x00000000ff4522f8,0x00000000ffe80000)
  to   space 14336K, 0% used [0x00000000fe280000,0x00000000fe280000,0x00000000ff080000)
 ParOldGen       total 349696K, used 224936K [0x00000000e0000000, 0x00000000f5580000, 0x00000000f5580000)
  object space 349696K, 64% used [0x00000000e0000000,0x00000000edbaa2b0,0x00000000f5580000)
 Metaspace       used 128506K, capacity 136364K, committed 136960K, reserved 1167360K
  class space    used 16958K, capacity 18434K, committed 18688K, reserved 1048576K
Event: 334.328 GC heap after
Heap after GC invocations=98 (full 5):
 PSYoungGen      total 158720K, used 3268K [0x00000000f5580000, 0x0000000100000000, 0x0000000100000000)
  eden space 144384K, 0% used [0x00000000f5580000,0x00000000f5580000,0x00000000fe280000)
  from space 14336K, 22% used [0x00000000fe280000,0x00000000fe5b1180,0x00000000ff080000)
  to   space 13824K, 0% used [0x00000000ff280000,0x00000000ff280000,0x0000000100000000)
 ParOldGen       total 349696K, used 227146K [0x00000000e0000000, 0x00000000f5580000, 0x00000000f5580000)
  object space 349696K, 64% used [0x00000000e0000000,0x00000000eddd2ac0,0x00000000f5580000)
 Metaspace       used 128506K, capacity 136364K, committed 136960K, reserved 1167360K
  class space    used 16958K, capacity 18434K, committed 18688K, reserved 1048576K
}
Event: 335.441 GC heap before
{Heap before GC invocations=99 (full 5):
 PSYoungGen      total 158720K, used 147652K [0x00000000f5580000, 0x0000000100000000, 0x0000000100000000)
  eden space 144384K, 100% used [0x00000000f5580000,0x00000000fe280000,0x00000000fe280000)
  from space 14336K, 22% used [0x00000000fe280000,0x00000000fe5b1180,0x00000000ff080000)
  to   space 13824K, 0% used [0x00000000ff280000,0x00000000ff280000,0x0000000100000000)
 ParOldGen       total 349696K, used 227146K [0x00000000e0000000, 0x00000000f5580000, 0x00000000f5580000)
  object space 349696K, 64% used [0x00000000e0000000,0x00000000eddd2ac0,0x00000000f5580000)
 Metaspace       used 129436K, capacity 137344K, committed 137728K, reserved 1169408K
  class space    used 17077K, capacity 18554K, committed 18688K, reserved 1048576K
Event: 335.484 GC heap after
Heap after GC invocations=99 (full 5):
 PSYoungGen      total 133120K, used 13811K [0x00000000f5580000, 0x0000000100000000, 0x0000000100000000)
  eden space 119296K, 0% used [0x00000000f5580000,0x00000000f5580000,0x00000000fca00000)
  from space 13824K, 99% used [0x00000000ff280000,0x00000000ffffcea8,0x0000000100000000)
  to   space 27648K, 0% used [0x00000000fca00000,0x00000000fca00000,0x00000000fe500000)
 ParOldGen       total 349696K, used 258188K [0x00000000e0000000, 0x00000000f5580000, 0x00000000f5580000)
  object space 349696K, 73% used [0x00000000e0000000,0x00000000efc23398,0x00000000f5580000)
 Metaspace       used 129436K, capacity 137344K, committed 137728K, reserved 1169408K
  class space    used 17077K, capacity 18554K, committed 18688K, reserved 1048576K
}
Event: 336.507 GC heap before
{Heap before GC invocations=100 (full 5):
 PSYoungGen      total 133120K, used 133107K [0x00000000f5580000, 0x0000000100000000, 0x0000000100000000)
  eden space 119296K, 100% used [0x00000000f5580000,0x00000000fca00000,0x00000000fca00000)
  from space 13824K, 99% used [0x00000000ff280000,0x00000000ffffcea8,0x0000000100000000)
  to   space 27648K, 0% used [0x00000000fca00000,0x00000000fca00000,0x00000000fe500000)
 ParOldGen       total 349696K, used 258188K [0x00000000e0000000, 0x00000000f5580000, 0x00000000f5580000)
  object space 349696K, 73% used [0x00000000e0000000,0x00000000efc23398,0x00000000f5580000)
 Metaspace       used 129760K, capacity 137760K, committed 137984K, reserved 1169408K
  class space    used 17102K, capacity 18570K, committed 18688K, reserved 1048576K
Event: 336.688 GC heap after
Heap after GC invocations=100 (full 5):
 PSYoungGen      total 133120K, used 133107K [0x00000000f5580000, 0x0000000100000000, 0x0000000100000000)
  eden space 119296K, 100% used [0x00000000f5580000,0x00000000fca00000,0x00000000fca00000)
  from space 13824K, 99% used [0x00000000ff280000,0x00000000ffffcea8,0x0000000100000000)
  to   space 27648K, 99% used [0x00000000fca00000,0x00000000fe4f82c0,0x00000000fe500000)
 ParOldGen       total 349696K, used 298504K [0x00000000e0000000, 0x00000000f5580000, 0x00000000f5580000)
  object space 349696K, 85% used [0x00000000e0000000,0x00000000f2382330,0x00000000f5580000)
 Metaspace       used 129760K, capacity 137760K, committed 137984K, reserved 1169408K
  class space    used 17102K, capacity 18570K, committed 18688K, reserved 1048576K
}
Event: 336.688 GC heap before
{Heap before GC invocations=101 (full 6):
 PSYoungGen      total 133120K, used 133107K [0x00000000f5580000, 0x0000000100000000, 0x0000000100000000)
  eden space 119296K, 100% used [0x00000000f5580000,0x00000000fca00000,0x00000000fca00000)
  from space 13824K, 99% used [0x00000000ff280000,0x00000000ffffcea8,0x0000000100000000)
  to   space 27648K, 99% used [0x00000000fca00000,0x00000000fe4f82c0,0x00000000fe500000)
 ParOldGen       total 349696K, used 298504K [0x00000000e0000000, 0x00000000f5580000, 0x00000000f5580000)
  object space 349696K, 85% used [0x00000000e0000000,0x00000000f2382330,0x00000000f5580000)
 Metaspace       used 129760K, capacity 137760K, committed 137984K, reserved 1169408K
  class space    used 17102K, capacity 18570K, committed 18688K, reserved 1048576K

